<?xml version="1.0" encoding="UTF-8"?>
<robot generator="Robot 4.0 (Python 3.8.6rc1 on win32)" generated="20210417 12:38:21.946" rpa="false" schemaversion="2">
<suite id="s1" name="Citibank Tests" source="C:\Users\tejshreeb\eclipse-workspace\RobotDemo\Demo\selenium_suite\citibank_tests.robot">
<test id="s1-t1" name="TC1_ValidCredential">
<kw name="Append To Environment Variable" library="OperatingSystem">
<arg>Path</arg>
<arg>D:\\Softwares\\ForRobot\\chromedriver_win32</arg>
<doc>Appends given ``values`` to environment variable ``name``.</doc>
<msg timestamp="20210417 12:38:24.286" level="INFO">Environment variable 'Path' set to value 'C:\Program Files (x86)\TRICENTIS\Tosca Testsuite\ToscaCommander;;C:\Program Files (x86)\TRICENTIS\Tosca Testsuite\Classic;C:\Program Files (x86)\TRICENTIS\Tosca Testsuite\Classic\dll;C:\Program Files (x86)\TRICENTIS\Tosca Testsuite\Classic\dll\GuptaEngine;C:\Program Files (x86)\TRICENTIS\Tosca Testsuite\ToscaCommander;C:\Program Files (x86)\TRICENTIS\Tosca Testsuite\Classic\dll\DelphiEngine;C:\Program Files (x86)\TRICENTIS\Tosca Testsuite\Classic\dll\PBEngine;C:\Program Files (x86)\TRICENTIS\Tosca Testsuite\Classic\dll\VBEngine;C:\Program Files (x86)\TRICENTIS\Tosca Testsuite\Classic\dll\DotNetHooking;;C:\Program Files (x86)\Common Files\Oracle\Java\javapath;C:\Windows\system32;C:\Windows;C:\Windows\System32\Wbem;C:\Windows\System32\WindowsPowerShell\v1.0\;C:\Windows\System32\OpenSSH\;C:\Program Files\Git\cmd;C:\Program Files\Java\jdk1.8.0_261\bin;C:\Program Files\Microsoft SQL Server\Client SDK\ODBC\110\Tools\Binn\;C:\Program Files (x86)\Microsoft SQL Server\120\Tools\Binn\;C:\Program Files\Microsoft SQL Server\120\Tools\Binn\;C:\Program Files\Microsoft SQL Server\120\DTS\Binn\;C:\Program Files (x86)\Microsoft SQL Server\120\Tools\Binn\ManagementStudio\;C:\Program Files (x86)\Microsoft SQL Server\120\DTS\Binn\;C:\Users\tejshreeb\AppData\Local\Programs\Python\Python38\Scripts\;C:\Users\tejshreeb\AppData\Local\Programs\Python\Python38\;C:\Users\tejshreeb\AppData\Local\Microsoft\WindowsApps;D:\Softwares\apache-maven-3.6.3-bin\apache-maven-3.6.3\bin;C:\Users\tejshreeb\AppData\Roaming\Microsoft\Windows\Start Menu\Programs\Python 3.8;;D:\Softwares\ForRobot\chromedriver_win32'.</msg>
<status status="PASS" starttime="20210417 12:38:24.286" endtime="20210417 12:38:24.287"/>
</kw>
<kw name="Open Browser" library="SeleniumLibrary">
<arg>url=https://www.online.citibank.co.in/</arg>
<arg>browser=chrome</arg>
<doc>Opens a new browser instance to the optional ``url``.</doc>
<msg timestamp="20210417 12:38:24.287" level="INFO">Opening browser 'chrome' to base url 'https://www.online.citibank.co.in/'.</msg>
<status status="PASS" starttime="20210417 12:38:24.287" endtime="20210417 12:38:41.539"/>
</kw>
<kw name="Maximize Browser Window" library="SeleniumLibrary">
<doc>Maximizes current browser window.</doc>
<status status="PASS" starttime="20210417 12:38:41.540" endtime="20210417 12:38:41.675"/>
</kw>
<kw name="Set Selenium Implicit Wait" library="SeleniumLibrary">
<arg>10s</arg>
<doc>Sets the implicit wait value used by Selenium.</doc>
<status status="PASS" starttime="20210417 12:38:41.679" endtime="20210417 12:38:41.681"/>
</kw>
<kw name="Click Element" library="SeleniumLibrary">
<arg>link=APPLY FOR CREDIT CARDS</arg>
<doc>Click the element identified by ``locator``.</doc>
<msg timestamp="20210417 12:38:41.682" level="INFO">Clicking element 'link=APPLY FOR CREDIT CARDS'.</msg>
<status status="PASS" starttime="20210417 12:38:41.682" endtime="20210417 12:38:42.006"/>
</kw>
<kw name="Sleep" library="BuiltIn">
<arg>5s</arg>
<doc>Pauses the test executed for the given time.</doc>
<msg timestamp="20210417 12:38:47.010" level="INFO">Slept 5 seconds</msg>
<status status="PASS" starttime="20210417 12:38:42.007" endtime="20210417 12:38:47.010"/>
</kw>
<kw name="Get Title" library="SeleniumLibrary">
<var>${title}</var>
<doc>Returns the title of the current page.</doc>
<msg timestamp="20210417 12:38:47.015" level="INFO">${title} = Citi India - Credit Cards, Personal &amp; Home Loans, Investment, Wealth Management &amp; Banking</msg>
<status status="PASS" starttime="20210417 12:38:47.010" endtime="20210417 12:38:47.015"/>
</kw>
<kw name="Log To Console" library="BuiltIn">
<arg>${title}</arg>
<doc>Logs the given message to the console.</doc>
<status status="PASS" starttime="20210417 12:38:47.015" endtime="20210417 12:38:47.016"/>
</kw>
<kw name="Close Window" library="SeleniumLibrary">
<doc>Closes currently opened and selected browser window/tab.</doc>
<status status="PASS" starttime="20210417 12:38:47.016" endtime="20210417 12:38:47.063"/>
</kw>
<kw name="Close Browser" library="SeleniumLibrary">
<doc>Closes the current browser.</doc>
<status status="PASS" starttime="20210417 12:38:47.064" endtime="20210417 12:38:49.666"/>
</kw>
<status status="PASS" starttime="20210417 12:38:24.285" endtime="20210417 12:38:49.666"/>
</test>
<test id="s1-t2" name="TC2_MultipleTab">
<kw name="Append To Environment Variable" library="OperatingSystem">
<arg>Path</arg>
<arg>D:\\Softwares\\ForRobot\\chromedriver_win32</arg>
<doc>Appends given ``values`` to environment variable ``name``.</doc>
<msg timestamp="20210417 12:38:49.670" level="INFO">Environment variable 'Path' set to value 'C:\Program Files (x86)\TRICENTIS\Tosca Testsuite\ToscaCommander;;C:\Program Files (x86)\TRICENTIS\Tosca Testsuite\Classic;C:\Program Files (x86)\TRICENTIS\Tosca Testsuite\Classic\dll;C:\Program Files (x86)\TRICENTIS\Tosca Testsuite\Classic\dll\GuptaEngine;C:\Program Files (x86)\TRICENTIS\Tosca Testsuite\ToscaCommander;C:\Program Files (x86)\TRICENTIS\Tosca Testsuite\Classic\dll\DelphiEngine;C:\Program Files (x86)\TRICENTIS\Tosca Testsuite\Classic\dll\PBEngine;C:\Program Files (x86)\TRICENTIS\Tosca Testsuite\Classic\dll\VBEngine;C:\Program Files (x86)\TRICENTIS\Tosca Testsuite\Classic\dll\DotNetHooking;;C:\Program Files (x86)\Common Files\Oracle\Java\javapath;C:\Windows\system32;C:\Windows;C:\Windows\System32\Wbem;C:\Windows\System32\WindowsPowerShell\v1.0\;C:\Windows\System32\OpenSSH\;C:\Program Files\Git\cmd;C:\Program Files\Java\jdk1.8.0_261\bin;C:\Program Files\Microsoft SQL Server\Client SDK\ODBC\110\Tools\Binn\;C:\Program Files (x86)\Microsoft SQL Server\120\Tools\Binn\;C:\Program Files\Microsoft SQL Server\120\Tools\Binn\;C:\Program Files\Microsoft SQL Server\120\DTS\Binn\;C:\Program Files (x86)\Microsoft SQL Server\120\Tools\Binn\ManagementStudio\;C:\Program Files (x86)\Microsoft SQL Server\120\DTS\Binn\;C:\Users\tejshreeb\AppData\Local\Programs\Python\Python38\Scripts\;C:\Users\tejshreeb\AppData\Local\Programs\Python\Python38\;C:\Users\tejshreeb\AppData\Local\Microsoft\WindowsApps;D:\Softwares\apache-maven-3.6.3-bin\apache-maven-3.6.3\bin;C:\Users\tejshreeb\AppData\Roaming\Microsoft\Windows\Start Menu\Programs\Python 3.8;;D:\Softwares\ForRobot\chromedriver_win32;D:\Softwares\ForRobot\chromedriver_win32'.</msg>
<status status="PASS" starttime="20210417 12:38:49.669" endtime="20210417 12:38:49.670"/>
</kw>
<kw name="Open Browser" library="SeleniumLibrary">
<arg>url=https://www.online.citibank.co.in/</arg>
<arg>browser=chrome</arg>
<doc>Opens a new browser instance to the optional ``url``.</doc>
<msg timestamp="20210417 12:38:49.671" level="INFO">Opening browser 'chrome' to base url 'https://www.online.citibank.co.in/'.</msg>
<status status="PASS" starttime="20210417 12:38:49.671" endtime="20210417 12:39:02.876"/>
</kw>
<kw name="Maximize Browser Window" library="SeleniumLibrary">
<doc>Maximizes current browser window.</doc>
<status status="PASS" starttime="20210417 12:39:02.878" endtime="20210417 12:39:03.001"/>
</kw>
<kw name="Set Selenium Implicit Wait" library="SeleniumLibrary">
<arg>10s</arg>
<doc>Sets the implicit wait value used by Selenium.</doc>
<status status="PASS" starttime="20210417 12:39:03.001" endtime="20210417 12:39:03.003"/>
</kw>
<kw name="Click Element" library="SeleniumLibrary">
<arg>link=APPLY FOR CREDIT CARDS</arg>
<doc>Click the element identified by ``locator``.</doc>
<msg timestamp="20210417 12:39:03.003" level="INFO">Clicking element 'link=APPLY FOR CREDIT CARDS'.</msg>
<status status="PASS" starttime="20210417 12:39:03.003" endtime="20210417 12:39:03.267"/>
</kw>
<kw name="Sleep" library="BuiltIn">
<arg>5s</arg>
<doc>Pauses the test executed for the given time.</doc>
<msg timestamp="20210417 12:39:08.270" level="INFO">Slept 5 seconds</msg>
<status status="PASS" starttime="20210417 12:39:03.268" endtime="20210417 12:39:08.270"/>
</kw>
<kw name="Switch Window" library="SeleniumLibrary">
<arg>Online Credit Card Application Form | Citi India</arg>
<doc>Switches to browser window matching ``locator``.</doc>
<status status="PASS" starttime="20210417 12:39:08.271" endtime="20210417 12:39:09.040"/>
</kw>
<kw name="Click Element" library="SeleniumLibrary">
<arg>link=Travel</arg>
<doc>Click the element identified by ``locator``.</doc>
<msg timestamp="20210417 12:39:09.040" level="INFO">Clicking element 'link=Travel'.</msg>
<status status="PASS" starttime="20210417 12:39:09.040" endtime="20210417 12:39:09.100"/>
</kw>
<kw name="Sleep" library="BuiltIn">
<arg>5s</arg>
<doc>Pauses the test executed for the given time.</doc>
<msg timestamp="20210417 12:39:14.102" level="INFO">Slept 5 seconds</msg>
<status status="PASS" starttime="20210417 12:39:09.101" endtime="20210417 12:39:14.102"/>
</kw>
<kw name="Close Window" library="SeleniumLibrary">
<doc>Closes currently opened and selected browser window/tab.</doc>
<status status="PASS" starttime="20210417 12:39:14.103" endtime="20210417 12:39:14.160"/>
</kw>
<status status="PASS" starttime="20210417 12:38:49.668" endtime="20210417 12:39:14.161"/>
</test>
<test id="s1-t3" name="TC4_MultipleTab">
<kw name="Append To Environment Variable" library="OperatingSystem">
<arg>Path</arg>
<arg>D:\\Softwares\\ForRobot\\chromedriver_win32</arg>
<doc>Appends given ``values`` to environment variable ``name``.</doc>
<msg timestamp="20210417 12:39:14.162" level="INFO">Environment variable 'Path' set to value 'C:\Program Files (x86)\TRICENTIS\Tosca Testsuite\ToscaCommander;;C:\Program Files (x86)\TRICENTIS\Tosca Testsuite\Classic;C:\Program Files (x86)\TRICENTIS\Tosca Testsuite\Classic\dll;C:\Program Files (x86)\TRICENTIS\Tosca Testsuite\Classic\dll\GuptaEngine;C:\Program Files (x86)\TRICENTIS\Tosca Testsuite\ToscaCommander;C:\Program Files (x86)\TRICENTIS\Tosca Testsuite\Classic\dll\DelphiEngine;C:\Program Files (x86)\TRICENTIS\Tosca Testsuite\Classic\dll\PBEngine;C:\Program Files (x86)\TRICENTIS\Tosca Testsuite\Classic\dll\VBEngine;C:\Program Files (x86)\TRICENTIS\Tosca Testsuite\Classic\dll\DotNetHooking;;C:\Program Files (x86)\Common Files\Oracle\Java\javapath;C:\Windows\system32;C:\Windows;C:\Windows\System32\Wbem;C:\Windows\System32\WindowsPowerShell\v1.0\;C:\Windows\System32\OpenSSH\;C:\Program Files\Git\cmd;C:\Program Files\Java\jdk1.8.0_261\bin;C:\Program Files\Microsoft SQL Server\Client SDK\ODBC\110\Tools\Binn\;C:\Program Files (x86)\Microsoft SQL Server\120\Tools\Binn\;C:\Program Files\Microsoft SQL Server\120\Tools\Binn\;C:\Program Files\Microsoft SQL Server\120\DTS\Binn\;C:\Program Files (x86)\Microsoft SQL Server\120\Tools\Binn\ManagementStudio\;C:\Program Files (x86)\Microsoft SQL Server\120\DTS\Binn\;C:\Users\tejshreeb\AppData\Local\Programs\Python\Python38\Scripts\;C:\Users\tejshreeb\AppData\Local\Programs\Python\Python38\;C:\Users\tejshreeb\AppData\Local\Microsoft\WindowsApps;D:\Softwares\apache-maven-3.6.3-bin\apache-maven-3.6.3\bin;C:\Users\tejshreeb\AppData\Roaming\Microsoft\Windows\Start Menu\Programs\Python 3.8;;D:\Softwares\ForRobot\chromedriver_win32;D:\Softwares\ForRobot\chromedriver_win32;D:\Softwares\ForRobot\chromedriver_win32'.</msg>
<status status="PASS" starttime="20210417 12:39:14.162" endtime="20210417 12:39:14.162"/>
</kw>
<kw name="Open Browser" library="SeleniumLibrary">
<arg>url=https://www.online.citibank.co.in/</arg>
<arg>browser=chrome</arg>
<doc>Opens a new browser instance to the optional ``url``.</doc>
<msg timestamp="20210417 12:39:14.163" level="INFO">Opening browser 'chrome' to base url 'https://www.online.citibank.co.in/'.</msg>
<status status="PASS" starttime="20210417 12:39:14.163" endtime="20210417 12:39:28.017"/>
</kw>
<kw name="Maximize Browser Window" library="SeleniumLibrary">
<doc>Maximizes current browser window.</doc>
<status status="PASS" starttime="20210417 12:39:28.018" endtime="20210417 12:39:28.145"/>
</kw>
<kw name="Set Selenium Implicit Wait" library="SeleniumLibrary">
<arg>10s</arg>
<doc>Sets the implicit wait value used by Selenium.</doc>
<status status="PASS" starttime="20210417 12:39:28.146" endtime="20210417 12:39:28.149"/>
</kw>
<kw name="Click Element" library="SeleniumLibrary">
<arg>xpath=//*[text(),'Login']</arg>
<doc>Click the element identified by ``locator``.</doc>
<msg timestamp="20210417 12:39:28.150" level="INFO">Clicking element 'xpath=//*[text(),'Login']'.</msg>
<kw name="Capture Page Screenshot" library="SeleniumLibrary">
<doc>Takes a screenshot of the current page and embeds it into a log file.</doc>
<msg timestamp="20210417 12:39:28.679" level="INFO" html="true">&lt;/td&gt;&lt;/tr&gt;&lt;tr&gt;&lt;td colspan="3"&gt;&lt;a href="selenium-screenshot-1.png"&gt;&lt;img src="selenium-screenshot-1.png" width="800px"&gt;&lt;/a&gt;</msg>
<status status="PASS" starttime="20210417 12:39:28.184" endtime="20210417 12:39:28.680"/>
</kw>
<msg timestamp="20210417 12:39:29.088" level="FAIL">InvalidSelectorException: Message: invalid selector: Unable to locate an element with the xpath expression //*[text(),'Login'] because of the following error:
SyntaxError: Failed to execute 'evaluate' on 'Document': The string '//*[text(),'Login']' is not a valid XPath expression.
  (Session info: chrome=89.0.4389.128)
</msg>
<status status="FAIL" starttime="20210417 12:39:28.150" endtime="20210417 12:39:29.088"/>
</kw>
<kw name="Sleep" library="BuiltIn">
<arg>5s</arg>
<doc>Pauses the test executed for the given time.</doc>
<status status="NOT RUN" starttime="20210417 12:39:29.089" endtime="20210417 12:39:29.089"/>
</kw>
<kw name="Switch Window" library="SeleniumLibrary">
<arg>NEW</arg>
<doc>Switches to browser window matching ``locator``.</doc>
<status status="NOT RUN" starttime="20210417 12:39:29.089" endtime="20210417 12:39:29.089"/>
</kw>
<kw name="Input Text" library="SeleniumLibrary">
<arg>id=User_id</arg>
<arg>Tejshree</arg>
<doc>Types the given ``text`` into the text field identified by ``locator``.</doc>
<status status="NOT RUN" starttime="20210417 12:39:29.090" endtime="20210417 12:39:29.090"/>
</kw>
<kw name="Switch Window" library="SeleniumLibrary">
<arg>MAIN</arg>
<doc>Switches to browser window matching ``locator``.</doc>
<status status="NOT RUN" starttime="20210417 12:39:29.090" endtime="20210417 12:39:29.090"/>
</kw>
<kw name="Get Title" library="SeleniumLibrary">
<var>${title}</var>
<doc>Returns the title of the current page.</doc>
<status status="NOT RUN" starttime="20210417 12:39:29.091" endtime="20210417 12:39:29.091"/>
</kw>
<kw name="Log To Console" library="BuiltIn">
<arg>${title}</arg>
<doc>Logs the given message to the console.</doc>
<status status="NOT RUN" starttime="20210417 12:39:29.091" endtime="20210417 12:39:29.091"/>
</kw>
<status status="FAIL" starttime="20210417 12:39:14.162" endtime="20210417 12:39:29.091">InvalidSelectorException: Message: invalid selector: Unable to locate an element with the xpath expression //*[text(),'Login'] because of the following error:
SyntaxError: Failed to execute 'evaluate' on 'Document': The string '//*[text(),'Login']' is not a valid XPath expression.
  (Session info: chrome=89.0.4389.128)
</status>
</test>
<status status="FAIL" starttime="20210417 12:38:21.949" endtime="20210417 12:39:29.093"/>
</suite>
<statistics>
<total>
<stat pass="2" fail="1" skip="0">All Tests</stat>
</total>
<tag>
</tag>
<suite>
<stat pass="2" fail="1" skip="0" id="s1" name="Citibank Tests">Citibank Tests</stat>
</suite>
</statistics>
<errors>
</errors>
</robot>
